{"/home/ahmedelghoul/Desktop/jest/PSAngularUnitTestingCourse/src/app/hero.service.ts": {"path":"/home/ahmedelghoul/Desktop/jest/PSAngularUnitTestingCourse/src/app/hero.service.ts","statementMap":{"0":{"start":{"line":1,"column":0},"end":{"line":1,"column":43}},"1":{"start":{"line":2,"column":0},"end":{"line":2,"column":63}},"2":{"start":{"line":4,"column":0},"end":{"line":4,"column":38}},"3":{"start":{"line":5,"column":0},"end":{"line":5,"column":54}},"4":{"start":{"line":8,"column":0},"end":{"line":8,"column":51}},"5":{"start":{"line":10,"column":20},"end":{"line":12,"column":2}},"6":{"start":{"line":15,"column":0},"end":{"line":15,"column":13}},"7":{"start":{"line":20,"column":12},"end":{"line":20,"column":18}},"8":{"start":{"line":21,"column":12},"end":{"line":21,"column":28}},"9":{"start":{"line":17,"column":10},"end":{"line":17,"column":35}},"10":{"start":{"line":24,"column":2},"end":{"line":30,"column":null}},"11":{"start":{"line":24,"column":2},"end":{"line":24,"column":11}},"12":{"start":{"line":25,"column":4},"end":{"line":29,"column":8}},"13":{"start":{"line":27,"column":22},"end":{"line":27,"column":49}},"14":{"start":{"line":33,"column":2},"end":{"line":44,"column":null}},"15":{"start":{"line":33,"column":2},"end":{"line":33,"column":14}},"16":{"start":{"line":34,"column":19},"end":{"line":34,"column":45}},"17":{"start":{"line":35,"column":4},"end":{"line":43,"column":8}},"18":{"start":{"line":37,"column":22},"end":{"line":37,"column":32}},"19":{"start":{"line":39,"column":26},"end":{"line":39,"column":56}},"20":{"start":{"line":40,"column":10},"end":{"line":40,"column":47}},"21":{"start":{"line":47,"column":2},"end":{"line":53,"column":null}},"22":{"start":{"line":47,"column":2},"end":{"line":47,"column":9}},"23":{"start":{"line":48,"column":19},"end":{"line":48,"column":41}},"24":{"start":{"line":49,"column":4},"end":{"line":52,"column":6}},"25":{"start":{"line":50,"column":15},"end":{"line":50,"column":49}},"26":{"start":{"line":56,"column":2},"end":{"line":65,"column":null}},"27":{"start":{"line":56,"column":2},"end":{"line":56,"column":14}},"28":{"start":{"line":57,"column":4},"end":{"line":60,"column":null}},"29":{"start":{"line":59,"column":6},"end":{"line":59,"column":20}},"30":{"start":{"line":61,"column":4},"end":{"line":64,"column":6}},"31":{"start":{"line":62,"column":15},"end":{"line":62,"column":59}},"32":{"start":{"line":70,"column":2},"end":{"line":75,"column":null}},"33":{"start":{"line":70,"column":2},"end":{"line":70,"column":9}},"34":{"start":{"line":71,"column":4},"end":{"line":74,"column":6}},"35":{"start":{"line":72,"column":26},"end":{"line":72,"column":66}},"36":{"start":{"line":78,"column":2},"end":{"line":86,"column":null}},"37":{"start":{"line":78,"column":2},"end":{"line":78,"column":12}},"38":{"start":{"line":79,"column":15},"end":{"line":79,"column":56}},"39":{"start":{"line":80,"column":19},"end":{"line":80,"column":41}},"40":{"start":{"line":82,"column":4},"end":{"line":85,"column":6}},"41":{"start":{"line":83,"column":15},"end":{"line":83,"column":49}},"42":{"start":{"line":89,"column":2},"end":{"line":94,"column":null}},"43":{"start":{"line":89,"column":2},"end":{"line":89,"column":12}},"44":{"start":{"line":90,"column":4},"end":{"line":93,"column":6}},"45":{"start":{"line":91,"column":15},"end":{"line":91,"column":54}},"46":{"start":{"line":102,"column":10},"end":{"line":114,"column":null}},"47":{"start":{"line":102,"column":2},"end":{"line":102,"column":10}},"48":{"start":{"line":102,"column":26},"end":{"line":102,"column":51}},"49":{"start":{"line":103,"column":4},"end":{"line":113,"column":6}},"50":{"start":{"line":106,"column":6},"end":{"line":106,"column":27}},"51":{"start":{"line":109,"column":6},"end":{"line":109,"column":56}},"52":{"start":{"line":112,"column":6},"end":{"line":112,"column":29}},"53":{"start":{"line":117,"column":10},"end":{"line":119,"column":null}},"54":{"start":{"line":118,"column":4},"end":{"line":118,"column":55}},"55":{"start":{"line":15,"column":13},"end":{"line":120,"column":null}},"56":{"start":{"line":120,"column":0},"end":{"line":120,"column":null}},"57":{"start":{"line":15,"column":13},"end":{"line":15,"column":24}}},"fnMap":{"0":{"name":"(anonymous_2)","decl":{"start":{"line":15,"column":0},"end":{"line":15,"column":13}},"loc":{"start":{"line":15,"column":0},"end":{"line":15,"column":13}}},"1":{"name":"HeroService","decl":{"start":{"line":19,"column":2},"end":{"line":19,"column":null}},"loc":{"start":{"line":21,"column":42},"end":{"line":21,"column":47}}},"2":{"name":"(anonymous_4)","decl":{"start":{"line":24,"column":2},"end":{"line":24,"column":11}},"loc":{"start":{"line":24,"column":2},"end":{"line":30,"column":3}}},"3":{"name":"(anonymous_5)","decl":{"start":{"line":27,"column":12},"end":{"line":27,"column":18}},"loc":{"start":{"line":27,"column":18},"end":{"line":27,"column":26}}},"4":{"name":"(anonymous_6)","decl":{"start":{"line":33,"column":2},"end":{"line":33,"column":14}},"loc":{"start":{"line":33,"column":31},"end":{"line":44,"column":3}}},"5":{"name":"(anonymous_7)","decl":{"start":{"line":37,"column":12},"end":{"line":37,"column":18}},"loc":{"start":{"line":37,"column":18},"end":{"line":37,"column":28}}},"6":{"name":"(anonymous_8)","decl":{"start":{"line":38,"column":12},"end":{"line":38,"column":13}},"loc":{"start":{"line":38,"column":13},"end":{"line":41,"column":9}}},"7":{"name":"(anonymous_9)","decl":{"start":{"line":47,"column":2},"end":{"line":47,"column":9}},"loc":{"start":{"line":47,"column":20},"end":{"line":53,"column":3}}},"8":{"name":"(anonymous_10)","decl":{"start":{"line":50,"column":10},"end":{"line":50,"column":11}},"loc":{"start":{"line":50,"column":11},"end":{"line":50,"column":19}}},"9":{"name":"(anonymous_11)","decl":{"start":{"line":56,"column":2},"end":{"line":56,"column":14}},"loc":{"start":{"line":56,"column":27},"end":{"line":65,"column":3}}},"10":{"name":"(anonymous_12)","decl":{"start":{"line":62,"column":10},"end":{"line":62,"column":11}},"loc":{"start":{"line":62,"column":11},"end":{"line":62,"column":19}}},"11":{"name":"(anonymous_13)","decl":{"start":{"line":70,"column":2},"end":{"line":70,"column":9}},"loc":{"start":{"line":70,"column":21},"end":{"line":75,"column":3}}},"12":{"name":"(anonymous_14)","decl":{"start":{"line":72,"column":10},"end":{"line":72,"column":11}},"loc":{"start":{"line":72,"column":21},"end":{"line":72,"column":30}}},"13":{"name":"(anonymous_15)","decl":{"start":{"line":78,"column":2},"end":{"line":78,"column":12}},"loc":{"start":{"line":78,"column":33},"end":{"line":86,"column":3}}},"14":{"name":"(anonymous_16)","decl":{"start":{"line":83,"column":10},"end":{"line":83,"column":11}},"loc":{"start":{"line":83,"column":11},"end":{"line":83,"column":19}}},"15":{"name":"(anonymous_17)","decl":{"start":{"line":89,"column":2},"end":{"line":89,"column":12}},"loc":{"start":{"line":89,"column":24},"end":{"line":94,"column":3}}},"16":{"name":"(anonymous_18)","decl":{"start":{"line":91,"column":10},"end":{"line":91,"column":11}},"loc":{"start":{"line":91,"column":11},"end":{"line":91,"column":19}}},"17":{"name":"(anonymous_19)","decl":{"start":{"line":102,"column":2},"end":{"line":102,"column":10}},"loc":{"start":{"line":102,"column":61},"end":{"line":114,"column":3}}},"18":{"name":"(anonymous_20)","decl":{"start":{"line":103,"column":11},"end":{"line":103,"column":12}},"loc":{"start":{"line":103,"column":22},"end":{"line":113,"column":5}}},"19":{"name":"(anonymous_21)","decl":{"start":{"line":117,"column":2},"end":{"line":117,"column":10}},"loc":{"start":{"line":117,"column":29},"end":{"line":119,"column":3}}}},"branchMap":{"0":{"loc":{"start":{"line":39,"column":30},"end":{"line":39,"column":39}},"type":"cond-expr","locations":[{"start":{"line":39,"column":30},"end":{"line":39,"column":39}},{"start":{"line":39,"column":42},"end":{"line":39,"column":56}}]},"1":{"loc":{"start":{"line":57,"column":4},"end":{"line":60,"column":null}},"type":"if","locations":[{"start":{"line":57,"column":4},"end":{"line":60,"column":null}},{"start":{"line":57,"column":4},"end":{"line":60,"column":null}}]},"2":{"loc":{"start":{"line":79,"column":42},"end":{"line":79,"column":46}},"type":"cond-expr","locations":[{"start":{"line":79,"column":42},"end":{"line":79,"column":46}},{"start":{"line":79,"column":49},"end":{"line":79,"column":56}}]},"3":{"loc":{"start":{"line":102,"column":26},"end":{"line":102,"column":51}},"type":"if","locations":[{"start":{"line":102,"column":26},"end":{"line":102,"column":51}},{"start":{"line":102,"column":26},"end":{"line":102,"column":51}}]}},"s":{"0":3,"1":3,"2":3,"3":3,"4":3,"5":3,"6":3,"7":1,"8":1,"9":1,"10":3,"11":0,"12":0,"13":0,"14":3,"15":0,"16":0,"17":0,"18":0,"19":0,"20":0,"21":3,"22":1,"23":1,"24":1,"25":1,"26":3,"27":0,"28":0,"29":0,"30":0,"31":0,"32":3,"33":0,"34":0,"35":0,"36":3,"37":0,"38":0,"39":0,"40":0,"41":0,"42":3,"43":0,"44":0,"45":0,"46":3,"47":1,"48":1,"49":1,"50":1,"51":1,"52":0,"53":3,"54":2,"55":3,"56":3,"57":3},"f":{"0":3,"1":1,"2":0,"3":0,"4":0,"5":0,"6":0,"7":1,"8":1,"9":0,"10":0,"11":0,"12":0,"13":0,"14":0,"15":0,"16":0,"17":1,"18":1,"19":2},"b":{"0":[0,0],"1":[0,0],"2":[0,0],"3":[0,1]}}
,"/home/ahmedelghoul/Desktop/jest/PSAngularUnitTestingCourse/src/app/hero.ts": {"path":"/home/ahmedelghoul/Desktop/jest/PSAngularUnitTestingCourse/src/app/hero.ts","statementMap":{"0":{"start":{"line":1,"column":0},"end":{"line":1,"column":13}},"1":{"start":{"line":5,"column":0},"end":{"line":5,"column":null}},"2":{"start":{"line":1,"column":13},"end":{"line":1,"column":17}}},"fnMap":{"0":{"name":"(anonymous_0)","decl":{"start":{"line":1,"column":0},"end":{"line":1,"column":13}},"loc":{"start":{"line":1,"column":0},"end":{"line":5,"column":null}}}},"branchMap":{},"s":{"0":3,"1":3,"2":3},"f":{"0":3},"b":{}}
,"/home/ahmedelghoul/Desktop/jest/PSAngularUnitTestingCourse/src/app/message.service.ts": {"path":"/home/ahmedelghoul/Desktop/jest/PSAngularUnitTestingCourse/src/app/message.service.ts","statementMap":{"0":{"start":{"line":1,"column":0},"end":{"line":1,"column":43}},"1":{"start":{"line":4,"column":0},"end":{"line":4,"column":13}},"2":{"start":{"line":5,"column":2},"end":{"line":5,"column":26}},"3":{"start":{"line":7,"column":2},"end":{"line":9,"column":null}},"4":{"start":{"line":8,"column":4},"end":{"line":8,"column":32}},"5":{"start":{"line":11,"column":2},"end":{"line":13,"column":null}},"6":{"start":{"line":12,"column":4},"end":{"line":12,"column":23}},"7":{"start":{"line":4,"column":13},"end":{"line":14,"column":null}},"8":{"start":{"line":14,"column":0},"end":{"line":14,"column":null}},"9":{"start":{"line":4,"column":13},"end":{"line":4,"column":27}}},"fnMap":{"0":{"name":"(anonymous_1)","decl":{"start":{"line":4,"column":0},"end":{"line":4,"column":13}},"loc":{"start":{"line":4,"column":0},"end":{"line":4,"column":13}}},"1":{"name":"MessageService","decl":{"start":{"line":3,"column":0},"end":{"line":3,"column":1}},"loc":{"start":{"line":3,"column":0},"end":{"line":14,"column":null}}},"2":{"name":"(anonymous_3)","decl":{"start":{"line":7,"column":2},"end":{"line":7,"column":5}},"loc":{"start":{"line":7,"column":21},"end":{"line":9,"column":3}}},"3":{"name":"(anonymous_4)","decl":{"start":{"line":11,"column":2},"end":{"line":11,"column":7}},"loc":{"start":{"line":11,"column":2},"end":{"line":13,"column":3}}}},"branchMap":{},"s":{"0":4,"1":4,"2":3,"3":4,"4":2,"5":4,"6":1,"7":4,"8":4,"9":4},"f":{"0":4,"1":3,"2":2,"3":1},"b":{}}
,"/home/ahmedelghoul/Desktop/jest/PSAngularUnitTestingCourse/src/app/hero/hero.component.html": {"data":{"path":"/home/ahmedelghoul/Desktop/jest/PSAngularUnitTestingCourse/src/app/hero/hero.component.html","statementMap":{"0":{"start":{"line":1,"column":0},"end":{"line":1,"column":190}}},"fnMap":{},"branchMap":{},"s":{"0":2},"f":{},"b":{},"_coverageSchema":"43e27e138ebf9cfc5966b082cf9a028302ed4184","hash":"db32006e23939d372764d4fdd1fba9ff722fc06f"}}
,"/home/ahmedelghoul/Desktop/jest/PSAngularUnitTestingCourse/src/app/hero/hero.component.ts": {"path":"/home/ahmedelghoul/Desktop/jest/PSAngularUnitTestingCourse/src/app/hero/hero.component.ts","statementMap":{"0":{"start":{"line":1,"column":0},"end":{"line":1,"column":71}},"1":{"start":{"line":2,"column":0},"end":{"line":2,"column":31}},"2":{"start":{"line":9,"column":0},"end":{"line":9,"column":13}},"3":{"start":{"line":11,"column":12},"end":{"line":11,"column":40}},"4":{"start":{"line":13,"column":2},"end":{"line":16,"column":null}},"5":{"start":{"line":14,"column":4},"end":{"line":14,"column":29}},"6":{"start":{"line":15,"column":4},"end":{"line":15,"column":23}},"7":{"start":{"line":10,"column":11},"end":{"line":10,"column":null}},"8":{"start":{"line":11,"column":12},"end":{"line":11,"column":null}},"9":{"start":{"line":9,"column":13},"end":{"line":17,"column":null}},"10":{"start":{"line":17,"column":0},"end":{"line":17,"column":null}},"11":{"start":{"line":9,"column":13},"end":{"line":9,"column":26}}},"fnMap":{"0":{"name":"(anonymous_2)","decl":{"start":{"line":9,"column":0},"end":{"line":9,"column":13}},"loc":{"start":{"line":9,"column":0},"end":{"line":9,"column":13}}},"1":{"name":"HeroComponent","decl":{"start":{"line":4,"column":0},"end":{"line":4,"column":1}},"loc":{"start":{"line":4,"column":0},"end":{"line":17,"column":null}}},"2":{"name":"(anonymous_4)","decl":{"start":{"line":13,"column":2},"end":{"line":13,"column":15}},"loc":{"start":{"line":13,"column":22},"end":{"line":16,"column":3}}}},"branchMap":{},"s":{"0":2,"1":2,"2":2,"3":17,"4":2,"5":0,"6":0,"7":2,"8":2,"9":2,"10":2,"11":2},"f":{"0":2,"1":17,"2":0},"b":{}}
,"/home/ahmedelghoul/Desktop/jest/PSAngularUnitTestingCourse/src/app/hero-detail/hero-detail.component.html": {"data":{"path":"/home/ahmedelghoul/Desktop/jest/PSAngularUnitTestingCourse/src/app/hero-detail/hero-detail.component.html","statementMap":{"0":{"start":{"line":1,"column":0},"end":{"line":1,"column":345}}},"fnMap":{},"branchMap":{},"s":{"0":1},"f":{},"b":{},"_coverageSchema":"43e27e138ebf9cfc5966b082cf9a028302ed4184","hash":"98ef8e64e78cc265b7e57712ef54d5a28f836be3"}}
,"/home/ahmedelghoul/Desktop/jest/PSAngularUnitTestingCourse/src/app/hero-detail/hero-detail.component.ts": {"path":"/home/ahmedelghoul/Desktop/jest/PSAngularUnitTestingCourse/src/app/hero-detail/hero-detail.component.ts","statementMap":{"0":{"start":{"line":1,"column":0},"end":{"line":1,"column":57}},"1":{"start":{"line":2,"column":0},"end":{"line":2,"column":49}},"2":{"start":{"line":3,"column":0},"end":{"line":3,"column":43}},"3":{"start":{"line":5,"column":0},"end":{"line":5,"column":39}},"4":{"start":{"line":6,"column":0},"end":{"line":6,"column":47}},"5":{"start":{"line":13,"column":0},"end":{"line":13,"column":13}},"6":{"start":{"line":17,"column":12},"end":{"line":17,"column":19}},"7":{"start":{"line":18,"column":12},"end":{"line":18,"column":25}},"8":{"start":{"line":19,"column":12},"end":{"line":19,"column":22}},"9":{"start":{"line":22,"column":2},"end":{"line":24,"column":null}},"10":{"start":{"line":23,"column":4},"end":{"line":23,"column":19}},"11":{"start":{"line":26,"column":2},"end":{"line":30,"column":null}},"12":{"start":{"line":26,"column":2},"end":{"line":26,"column":9}},"13":{"start":{"line":27,"column":15},"end":{"line":27,"column":54}},"14":{"start":{"line":28,"column":4},"end":{"line":29,"column":43}},"15":{"start":{"line":29,"column":25},"end":{"line":29,"column":42}},"16":{"start":{"line":32,"column":2},"end":{"line":34,"column":null}},"17":{"start":{"line":33,"column":4},"end":{"line":33,"column":25}},"18":{"start":{"line":36,"column":1},"end":{"line":39,"column":null}},"19":{"start":{"line":36,"column":1},"end":{"line":36,"column":5}},"20":{"start":{"line":37,"column":4},"end":{"line":38,"column":38}},"21":{"start":{"line":38,"column":23},"end":{"line":38,"column":37}},"22":{"start":{"line":14,"column":11},"end":{"line":14,"column":null}},"23":{"start":{"line":13,"column":13},"end":{"line":40,"column":null}},"24":{"start":{"line":40,"column":0},"end":{"line":40,"column":null}},"25":{"start":{"line":13,"column":13},"end":{"line":13,"column":32}}},"fnMap":{"0":{"name":"(anonymous_2)","decl":{"start":{"line":13,"column":0},"end":{"line":13,"column":13}},"loc":{"start":{"line":13,"column":0},"end":{"line":13,"column":13}}},"1":{"name":"HeroDetailComponent","decl":{"start":{"line":16,"column":2},"end":{"line":16,"column":null}},"loc":{"start":{"line":19,"column":30},"end":{"line":20,"column":6}}},"2":{"name":"(anonymous_4)","decl":{"start":{"line":22,"column":2},"end":{"line":22,"column":10}},"loc":{"start":{"line":22,"column":2},"end":{"line":24,"column":3}}},"3":{"name":"(anonymous_5)","decl":{"start":{"line":26,"column":2},"end":{"line":26,"column":9}},"loc":{"start":{"line":26,"column":2},"end":{"line":30,"column":3}}},"4":{"name":"(anonymous_6)","decl":{"start":{"line":29,"column":17},"end":{"line":29,"column":21}},"loc":{"start":{"line":29,"column":21},"end":{"line":29,"column":29}}},"5":{"name":"(anonymous_7)","decl":{"start":{"line":32,"column":2},"end":{"line":32,"column":8}},"loc":{"start":{"line":32,"column":2},"end":{"line":34,"column":3}}},"6":{"name":"(anonymous_8)","decl":{"start":{"line":36,"column":1},"end":{"line":36,"column":5}},"loc":{"start":{"line":36,"column":1},"end":{"line":39,"column":3}}},"7":{"name":"(anonymous_9)","decl":{"start":{"line":38,"column":17},"end":{"line":38,"column":23}},"loc":{"start":{"line":38,"column":17},"end":{"line":38,"column":27}}}},"branchMap":{},"s":{"0":1,"1":1,"2":1,"3":1,"4":1,"5":1,"6":2,"7":2,"8":2,"9":1,"10":2,"11":1,"12":2,"13":2,"14":2,"15":2,"16":1,"17":1,"18":1,"19":1,"20":1,"21":1,"22":1,"23":1,"24":1,"25":1},"f":{"0":1,"1":2,"2":2,"3":2,"4":2,"5":1,"6":1,"7":1},"b":{}}
,"/home/ahmedelghoul/Desktop/jest/PSAngularUnitTestingCourse/src/app/heroes/heroes.component.html": {"data":{"path":"/home/ahmedelghoul/Desktop/jest/PSAngularUnitTestingCourse/src/app/heroes/heroes.component.html","statementMap":{"0":{"start":{"line":1,"column":0},"end":{"line":1,"column":419}}},"fnMap":{},"branchMap":{},"s":{"0":1},"f":{},"b":{},"_coverageSchema":"43e27e138ebf9cfc5966b082cf9a028302ed4184","hash":"74a423450967afe11eafa7d844736f58431e338b"}}
,"/home/ahmedelghoul/Desktop/jest/PSAngularUnitTestingCourse/src/app/heroes/heroes.component.ts": {"path":"/home/ahmedelghoul/Desktop/jest/PSAngularUnitTestingCourse/src/app/heroes/heroes.component.ts","statementMap":{"0":{"start":{"line":1,"column":0},"end":{"line":1,"column":50}},"1":{"start":{"line":4,"column":0},"end":{"line":4,"column":46}},"2":{"start":{"line":11,"column":0},"end":{"line":11,"column":13}},"3":{"start":{"line":14,"column":22},"end":{"line":14,"column":35}},"4":{"start":{"line":16,"column":2},"end":{"line":18,"column":null}},"5":{"start":{"line":17,"column":4},"end":{"line":17,"column":21}},"6":{"start":{"line":20,"column":2},"end":{"line":23,"column":null}},"7":{"start":{"line":20,"column":2},"end":{"line":20,"column":11}},"8":{"start":{"line":21,"column":4},"end":{"line":22,"column":47}},"9":{"start":{"line":22,"column":25},"end":{"line":22,"column":46}},"10":{"start":{"line":25,"column":2},"end":{"line":33,"column":null}},"11":{"start":{"line":25,"column":2},"end":{"line":25,"column":5}},"12":{"start":{"line":26,"column":4},"end":{"line":26,"column":23}},"13":{"start":{"line":27,"column":19},"end":{"line":27,"column":21}},"14":{"start":{"line":28,"column":4},"end":{"line":28,"column":null}},"15":{"start":{"line":28,"column":17},"end":{"line":28,"column":24}},"16":{"start":{"line":29,"column":4},"end":{"line":32,"column":9}},"17":{"start":{"line":31,"column":8},"end":{"line":31,"column":31}},"18":{"start":{"line":35,"column":2},"end":{"line":38,"column":null}},"19":{"start":{"line":36,"column":4},"end":{"line":36,"column":54}},"20":{"start":{"line":36,"column":42},"end":{"line":36,"column":53}},"21":{"start":{"line":37,"column":4},"end":{"line":37,"column":50}},"22":{"start":{"line":11,"column":13},"end":{"line":40,"column":null}},"23":{"start":{"line":40,"column":0},"end":{"line":40,"column":null}},"24":{"start":{"line":11,"column":13},"end":{"line":11,"column":28}}},"fnMap":{"0":{"name":"(anonymous_2)","decl":{"start":{"line":11,"column":0},"end":{"line":11,"column":13}},"loc":{"start":{"line":11,"column":0},"end":{"line":11,"column":13}}},"1":{"name":"HeroesComponent","decl":{"start":{"line":14,"column":2},"end":{"line":14,"column":22}},"loc":{"start":{"line":14,"column":46},"end":{"line":14,"column":51}}},"2":{"name":"(anonymous_4)","decl":{"start":{"line":16,"column":2},"end":{"line":16,"column":10}},"loc":{"start":{"line":16,"column":2},"end":{"line":18,"column":3}}},"3":{"name":"(anonymous_5)","decl":{"start":{"line":20,"column":2},"end":{"line":20,"column":11}},"loc":{"start":{"line":20,"column":2},"end":{"line":23,"column":3}}},"4":{"name":"(anonymous_6)","decl":{"start":{"line":22,"column":15},"end":{"line":22,"column":21}},"loc":{"start":{"line":22,"column":21},"end":{"line":22,"column":29}}},"5":{"name":"(anonymous_7)","decl":{"start":{"line":25,"column":2},"end":{"line":25,"column":5}},"loc":{"start":{"line":25,"column":18},"end":{"line":33,"column":3}}},"6":{"name":"(anonymous_8)","decl":{"start":{"line":30,"column":17},"end":{"line":30,"column":21}},"loc":{"start":{"line":30,"column":21},"end":{"line":32,"column":7}}},"7":{"name":"(anonymous_9)","decl":{"start":{"line":35,"column":2},"end":{"line":35,"column":8}},"loc":{"start":{"line":35,"column":19},"end":{"line":38,"column":3}}},"8":{"name":"(anonymous_10)","decl":{"start":{"line":36,"column":37},"end":{"line":36,"column":38}},"loc":{"start":{"line":36,"column":38},"end":{"line":36,"column":43}}}},"branchMap":{"0":{"loc":{"start":{"line":28,"column":4},"end":{"line":28,"column":null}},"type":"if","locations":[{"start":{"line":28,"column":4},"end":{"line":28,"column":null}},{"start":{"line":28,"column":4},"end":{"line":28,"column":null}}]}},"s":{"0":1,"1":1,"2":1,"3":14,"4":1,"5":5,"6":1,"7":5,"8":5,"9":5,"10":1,"11":1,"12":1,"13":1,"14":1,"15":0,"16":1,"17":1,"18":1,"19":3,"20":9,"21":3,"22":1,"23":1,"24":1},"f":{"0":1,"1":14,"2":5,"3":5,"4":5,"5":1,"6":1,"7":3,"8":9},"b":{"0":[0,1]}}
,"/home/ahmedelghoul/Desktop/jest/PSAngularUnitTestingCourse/src/app/strength/strength.pipe.ts": {"path":"/home/ahmedelghoul/Desktop/jest/PSAngularUnitTestingCourse/src/app/strength/strength.pipe.ts","statementMap":{"0":{"start":{"line":1,"column":0},"end":{"line":1,"column":52}},"1":{"start":{"line":6,"column":0},"end":{"line":6,"column":13}},"2":{"start":{"line":7,"column":2},"end":{"line":15,"column":null}},"3":{"start":{"line":8,"column":4},"end":{"line":14,"column":null}},"4":{"start":{"line":9,"column":6},"end":{"line":9,"column":31}},"5":{"start":{"line":10,"column":11},"end":{"line":14,"column":null}},"6":{"start":{"line":11,"column":6},"end":{"line":11,"column":33}},"7":{"start":{"line":13,"column":6},"end":{"line":13,"column":39}},"8":{"start":{"line":6,"column":13},"end":{"line":16,"column":null}},"9":{"start":{"line":16,"column":0},"end":{"line":16,"column":null}},"10":{"start":{"line":6,"column":13},"end":{"line":6,"column":25}}},"fnMap":{"0":{"name":"(anonymous_1)","decl":{"start":{"line":6,"column":0},"end":{"line":6,"column":13}},"loc":{"start":{"line":6,"column":0},"end":{"line":6,"column":13}}},"1":{"name":"(anonymous_3)","decl":{"start":{"line":7,"column":2},"end":{"line":7,"column":11}},"loc":{"start":{"line":7,"column":25},"end":{"line":15,"column":3}}}},"branchMap":{"0":{"loc":{"start":{"line":8,"column":4},"end":{"line":14,"column":null}},"type":"if","locations":[{"start":{"line":8,"column":4},"end":{"line":14,"column":null}},{"start":{"line":8,"column":4},"end":{"line":14,"column":null}}]},"1":{"loc":{"start":{"line":10,"column":11},"end":{"line":14,"column":null}},"type":"if","locations":[{"start":{"line":10,"column":11},"end":{"line":14,"column":null}},{"start":{"line":10,"column":11},"end":{"line":14,"column":null}}]},"2":{"loc":{"start":{"line":10,"column":14},"end":{"line":10,"column":25}},"type":"binary-expr","locations":[{"start":{"line":10,"column":14},"end":{"line":10,"column":25}},{"start":{"line":10,"column":29},"end":{"line":10,"column":39}}]}},"s":{"0":1,"1":1,"2":1,"3":2,"4":1,"5":1,"6":1,"7":0,"8":1,"9":1,"10":1},"f":{"0":3,"1":2},"b":{"0":[1,1],"1":[1,0],"2":[1,1]}}
}
