TN:
SF:/home/ahmedelghoul/Desktop/jest/PSAngularUnitTestingCourse/src/app/hero.service.ts
FN:15,(anonymous_2)
FN:19,HeroService
FN:24,(anonymous_4)
FN:27,(anonymous_5)
FN:33,(anonymous_6)
FN:37,(anonymous_7)
FN:38,(anonymous_8)
FN:47,(anonymous_9)
FN:50,(anonymous_10)
FN:56,(anonymous_11)
FN:62,(anonymous_12)
FN:70,(anonymous_13)
FN:72,(anonymous_14)
FN:78,(anonymous_15)
FN:83,(anonymous_16)
FN:89,(anonymous_17)
FN:91,(anonymous_18)
FN:102,(anonymous_19)
FN:103,(anonymous_20)
FN:117,(anonymous_21)
FNF:20
FNH:7
FNDA:3,(anonymous_2)
FNDA:1,HeroService
FNDA:0,(anonymous_4)
FNDA:0,(anonymous_5)
FNDA:0,(anonymous_6)
FNDA:0,(anonymous_7)
FNDA:0,(anonymous_8)
FNDA:1,(anonymous_9)
FNDA:1,(anonymous_10)
FNDA:0,(anonymous_11)
FNDA:0,(anonymous_12)
FNDA:0,(anonymous_13)
FNDA:0,(anonymous_14)
FNDA:0,(anonymous_15)
FNDA:0,(anonymous_16)
FNDA:0,(anonymous_17)
FNDA:0,(anonymous_18)
FNDA:1,(anonymous_19)
FNDA:1,(anonymous_20)
FNDA:2,(anonymous_21)
DA:1,3
DA:2,3
DA:4,3
DA:5,3
DA:8,3
DA:10,3
DA:15,3
DA:17,1
DA:20,1
DA:21,1
DA:24,3
DA:25,0
DA:27,0
DA:33,3
DA:34,0
DA:35,0
DA:37,0
DA:39,0
DA:40,0
DA:47,3
DA:48,1
DA:49,1
DA:50,1
DA:56,3
DA:57,0
DA:59,0
DA:61,0
DA:62,0
DA:70,3
DA:71,0
DA:72,0
DA:78,3
DA:79,0
DA:80,0
DA:82,0
DA:83,0
DA:89,3
DA:90,0
DA:91,0
DA:102,3
DA:103,1
DA:106,1
DA:109,1
DA:112,0
DA:117,3
DA:118,2
DA:120,3
LF:47
LH:27
BRDA:39,0,0,0
BRDA:39,0,1,0
BRDA:57,1,0,0
BRDA:57,1,1,0
BRDA:79,2,0,0
BRDA:79,2,1,0
BRDA:102,3,0,0
BRDA:102,3,1,1
BRF:8
BRH:1
end_of_record
TN:
SF:/home/ahmedelghoul/Desktop/jest/PSAngularUnitTestingCourse/src/app/hero.ts
FN:1,(anonymous_0)
FNF:1
FNH:1
FNDA:3,(anonymous_0)
DA:1,3
DA:5,3
LF:2
LH:2
BRF:0
BRH:0
end_of_record
TN:
SF:/home/ahmedelghoul/Desktop/jest/PSAngularUnitTestingCourse/src/app/message.service.ts
FN:4,(anonymous_1)
FN:3,MessageService
FN:7,(anonymous_3)
FN:11,(anonymous_4)
FNF:4
FNH:4
FNDA:4,(anonymous_1)
FNDA:3,MessageService
FNDA:2,(anonymous_3)
FNDA:1,(anonymous_4)
DA:1,4
DA:4,4
DA:5,3
DA:7,4
DA:8,2
DA:11,4
DA:12,1
DA:14,4
LF:8
LH:8
BRF:0
BRH:0
end_of_record
TN:
SF:/home/ahmedelghoul/Desktop/jest/PSAngularUnitTestingCourse/src/app/hero/hero.component.html
FNF:0
FNH:0
DA:1,2
LF:1
LH:1
BRF:0
BRH:0
end_of_record
TN:
SF:/home/ahmedelghoul/Desktop/jest/PSAngularUnitTestingCourse/src/app/hero/hero.component.ts
FN:9,(anonymous_2)
FN:4,HeroComponent
FN:13,(anonymous_4)
FNF:3
FNH:2
FNDA:2,(anonymous_2)
FNDA:17,HeroComponent
FNDA:0,(anonymous_4)
DA:1,2
DA:2,2
DA:9,2
DA:10,2
DA:11,17
DA:13,2
DA:14,0
DA:15,0
DA:17,2
LF:9
LH:7
BRF:0
BRH:0
end_of_record
TN:
SF:/home/ahmedelghoul/Desktop/jest/PSAngularUnitTestingCourse/src/app/hero-detail/hero-detail.component.html
FNF:0
FNH:0
DA:1,1
LF:1
LH:1
BRF:0
BRH:0
end_of_record
TN:
SF:/home/ahmedelghoul/Desktop/jest/PSAngularUnitTestingCourse/src/app/hero-detail/hero-detail.component.ts
FN:13,(anonymous_2)
FN:16,HeroDetailComponent
FN:22,(anonymous_4)
FN:26,(anonymous_5)
FN:29,(anonymous_6)
FN:32,(anonymous_7)
FN:36,(anonymous_8)
FN:38,(anonymous_9)
FNF:8
FNH:8
FNDA:1,(anonymous_2)
FNDA:2,HeroDetailComponent
FNDA:2,(anonymous_4)
FNDA:2,(anonymous_5)
FNDA:2,(anonymous_6)
FNDA:1,(anonymous_7)
FNDA:1,(anonymous_8)
FNDA:1,(anonymous_9)
DA:1,1
DA:2,1
DA:3,1
DA:5,1
DA:6,1
DA:13,1
DA:14,1
DA:17,2
DA:18,2
DA:19,2
DA:22,1
DA:23,2
DA:26,2
DA:27,2
DA:28,2
DA:29,2
DA:32,1
DA:33,1
DA:36,1
DA:37,1
DA:38,1
DA:40,1
LF:22
LH:22
BRF:0
BRH:0
end_of_record
TN:
SF:/home/ahmedelghoul/Desktop/jest/PSAngularUnitTestingCourse/src/app/heroes/heroes.component.html
FNF:0
FNH:0
DA:1,1
LF:1
LH:1
BRF:0
BRH:0
end_of_record
TN:
SF:/home/ahmedelghoul/Desktop/jest/PSAngularUnitTestingCourse/src/app/heroes/heroes.component.ts
FN:11,(anonymous_2)
FN:14,HeroesComponent
FN:16,(anonymous_4)
FN:20,(anonymous_5)
FN:22,(anonymous_6)
FN:25,(anonymous_7)
FN:30,(anonymous_8)
FN:35,(anonymous_9)
FN:36,(anonymous_10)
FNF:9
FNH:9
FNDA:1,(anonymous_2)
FNDA:14,HeroesComponent
FNDA:5,(anonymous_4)
FNDA:5,(anonymous_5)
FNDA:5,(anonymous_6)
FNDA:1,(anonymous_7)
FNDA:1,(anonymous_8)
FNDA:3,(anonymous_9)
FNDA:9,(anonymous_10)
DA:1,1
DA:4,1
DA:11,1
DA:14,14
DA:16,1
DA:17,5
DA:20,5
DA:21,5
DA:22,5
DA:25,1
DA:26,1
DA:27,1
DA:28,1
DA:29,1
DA:31,1
DA:35,1
DA:36,9
DA:37,3
DA:40,1
LF:19
LH:19
BRDA:28,0,0,0
BRDA:28,0,1,1
BRF:2
BRH:1
end_of_record
TN:
SF:/home/ahmedelghoul/Desktop/jest/PSAngularUnitTestingCourse/src/app/strength/strength.pipe.ts
FN:6,(anonymous_1)
FN:7,(anonymous_3)
FNF:2
FNH:2
FNDA:3,(anonymous_1)
FNDA:2,(anonymous_3)
DA:1,1
DA:6,1
DA:7,1
DA:8,2
DA:9,1
DA:10,1
DA:11,1
DA:13,0
DA:16,1
LF:9
LH:8
BRDA:8,0,0,1
BRDA:8,0,1,1
BRDA:10,1,0,1
BRDA:10,1,1,0
BRDA:10,2,0,1
BRDA:10,2,1,1
BRF:6
BRH:5
end_of_record
